<?xml version="1.0" encoding="UTF-8"?>
<!-- Generated by org.testng.reporters.JUnitXMLReporter -->
<testsuite hostname="LAPTOP-0P8VJD4R" ignored="0" name="Car Loan" tests="6" failures="0" timestamp="2020-04-02T13:15:34 IST" time="0.053" errors="0">
  <testcase name="mobileLoginCarLoan" time="0.003" classname="demo.CarLoan"/>
  <testcase name="restAPICarLoan" time="0.014" classname="demo.CarLoan"/>
  <testcase name="webLoginCarLoan" time="0.004" classname="demo.CarLoan"/>
  <testcase name="mobileLoginHomeLoan" time="0.005" classname="demo.HomeLoan"/>
  <testcase name="restAPIHomeLoan" time="0.002" classname="demo.HomeLoan"/>
  <testcase name="webLoginHomeLoan" time="0.002" classname="demo.HomeLoan"/>
</testsuite> <!-- Car Loan -->
