<?xml version="1.0" encoding="UTF-8"?>
<!-- Generated by org.testng.reporters.JUnitXMLReporter -->
<testsuite hostname="LAPTOP-0P8VJD4R" ignored="0" name="Home Loan" tests="3" failures="0" timestamp="2020-04-02T13:12:44 IST" time="0.024" errors="0">
  <testcase name="mobileLoginHomeLoan" time="0.002" classname="demo.HomeLoan"/>
  <testcase name="restAPIHomeLoan" time="0.002" classname="demo.HomeLoan"/>
  <testcase name="webLoginHomeLoan" time="0.004" classname="demo.HomeLoan"/>
</testsuite> <!-- Home Loan -->
