<?xml version="1.0" encoding="UTF-8"?>
<!-- Generated by org.testng.reporters.JUnitXMLReporter -->
<testsuite hostname="LAPTOP-0P8VJD4R" ignored="0" name="Personal Loan" tests="9" failures="0" timestamp="2020-04-01T17:31:33 IST" time="0.153" errors="0">
  <testcase name="demo" time="0.021" classname="demo.Demo"/>
  <testcase name="secondTest" time="0.006" classname="demo.Demo"/>
  <testcase name="show" time="0.001" classname="demo.DemoClass2"/>
  <testcase name="mobileLoginCarLoan" time="0.003" classname="demo.CarLoan"/>
  <testcase name="restAPICarLoan" time="0.005" classname="demo.CarLoan"/>
  <testcase name="webLoginCarLoan" time="0.006" classname="demo.CarLoan"/>
  <testcase name="mobileLoginHomeLoan" time="0.002" classname="demo.HomeLoan"/>
  <testcase name="restAPIHomeLoan" time="0.002" classname="demo.HomeLoan"/>
  <testcase name="webLoginHomeLoan" time="0.002" classname="demo.HomeLoan"/>
</testsuite> <!-- Personal Loan -->
